2024-11-07 23:52:28,372 - INFO - Sines is Starting
2024-11-07 23:52:28,415 - INFO - Using device: Quadro 6000
2024-11-07 23:52:28,415 - INFO - Max work group size: 1024
2024-11-07 23:52:28,415 - INFO - Device Max Work Group Size: 1024
2024-11-07 23:52:28,415 - INFO - Device Max Memory Allocation Size: 1590149120 bytes
2024-11-07 23:52:28,422 - INFO - Loaded data from CSV file: /home/wayne/Downloads/M4Data_transformed/M1_Monthly-train.csv
2024-11-07 23:52:28,424 - INFO - Loaded data statistics:
2024-11-07 23:52:28,424 - INFO -   Number of data points: 469
2024-11-07 23:52:28,424 - INFO -   Max value: 13490.0
2024-11-07 23:52:28,424 - INFO -   Min value: 2690.0
2024-11-07 23:52:28,424 - INFO -   Mean value: 6306.2473347547975
2024-11-07 23:52:28,424 - INFO -   Start date: 1976-06-01 12:00:00
2024-11-07 23:52:28,424 - INFO -   End date: 2015-06-01 12:00:00
2024-11-07 23:52:28,697 - INFO - Starting discovery of wave 4
2024-11-07 23:52:28,697 - INFO - Using fast step size based on difference: 1328.18
2024-11-07 23:52:28,698 - INFO - Initial frequency estimates from FFT: [0.00852878 0.08315565]
2024-11-07 23:52:28,698 - INFO - Wave 4: Starting brute-force search with one sine wave.
2024-11-07 23:52:28,698 - INFO - Total combinations to evaluate: 3150
2024-11-07 23:52:28,698 - INFO - Processing parameter combinations in 1 chunks of size 3150.
2024-11-07 23:52:28,906 - INFO - Wave 4: Progress: 100.00%, Best Score So Far: 551054.625
2024-11-07 23:52:28,906 - INFO - Wave 4: Completed brute-force search with best score: 551054.625
2024-11-07 23:52:28,907 - INFO - Wave 4: Starting refinement phase.
2024-11-07 23:52:28,909 - INFO - Wave 4: Refinement candidate 1/5 with 8000 combinations.
2024-11-07 23:52:29,077 - INFO - Wave 4: Refinement Progress: 100.00%, Best Score So Far: 549191.5625
2024-11-07 23:52:29,077 - INFO - Wave 4: Refinement candidate 2/5 with 8000 combinations.
2024-11-07 23:52:29,243 - INFO - Wave 4: Refinement Progress: 100.00%, Best Score So Far: 548712.5625
2024-11-07 23:52:29,243 - INFO - Wave 4: Refinement candidate 3/5 with 8000 combinations.
2024-11-07 23:52:29,410 - INFO - Wave 4: Refinement Progress: 100.00%, Best Score So Far: 548712.5625
2024-11-07 23:52:29,410 - INFO - Wave 4: Refinement candidate 4/5 with 8000 combinations.
2024-11-07 23:52:29,576 - INFO - Wave 4: Refinement Progress: 100.00%, Best Score So Far: 548712.5625
2024-11-07 23:52:29,577 - INFO - Wave 4: Refinement candidate 5/5 with 8000 combinations.
2024-11-07 23:52:29,743 - INFO - Wave 4: Refinement Progress: 100.00%, Best Score So Far: 548712.5625
2024-11-07 23:52:29,743 - INFO - Wave 4: Completed refinement phase with best score: 548712.5625
2024-11-07 23:52:29,908 - INFO - Wave 4: Best score: 548712.5625
2024-11-07 23:52:29,908 - INFO - Starting discovery of wave 5
2024-11-07 23:52:29,909 - INFO - Using fast step size based on difference: 1169.96
2024-11-07 23:52:29,909 - INFO - Initial frequency estimates from FFT: [0.08315565 0.1663113 ]
2024-11-07 23:52:29,909 - INFO - Wave 5: Starting brute-force search with one sine wave.
2024-11-07 23:52:29,910 - INFO - Total combinations to evaluate: 3150
2024-11-07 23:52:29,910 - INFO - Processing parameter combinations in 1 chunks of size 3150.
2024-11-07 23:52:30,109 - INFO - Wave 5: Progress: 100.00%, Best Score So Far: 548701.75
2024-11-07 23:52:30,109 - INFO - Wave 5: Completed brute-force search with best score: 548701.75
2024-11-07 23:52:30,110 - INFO - Wave 5: Starting refinement phase.
2024-11-07 23:52:30,111 - INFO - Wave 5: Refinement candidate 1/5 with 8000 combinations.
2024-11-07 23:52:30,276 - INFO - Wave 5: Refinement Progress: 100.00%, Best Score So Far: 518188.5
2024-11-07 23:52:30,277 - INFO - Wave 5: Refinement candidate 2/5 with 8000 combinations.
2024-11-07 23:52:30,444 - INFO - Wave 5: Refinement Progress: 100.00%, Best Score So Far: 518188.5
2024-11-07 23:52:30,445 - INFO - Wave 5: Refinement candidate 3/5 with 8000 combinations.
2024-11-07 23:52:30,611 - INFO - Wave 5: Refinement Progress: 100.00%, Best Score So Far: 518165.96875
2024-11-07 23:52:30,611 - INFO - Wave 5: Refinement candidate 4/5 with 8000 combinations.
2024-11-07 23:52:30,777 - INFO - Wave 5: Refinement Progress: 100.00%, Best Score So Far: 517268.9375
2024-11-07 23:52:30,778 - INFO - Wave 5: Refinement candidate 5/5 with 8000 combinations.
2024-11-07 23:52:30,944 - INFO - Wave 5: Refinement Progress: 100.00%, Best Score So Far: 517268.9375
2024-11-07 23:52:30,944 - INFO - Wave 5: Completed refinement phase with best score: 517268.9375
2024-11-07 23:52:31,112 - INFO - Wave 5: Best score: 517268.9375
2024-11-07 23:52:31,112 - INFO - Starting discovery of wave 6
2024-11-07 23:52:31,112 - INFO - Using fast step size based on difference: 1102.92
2024-11-07 23:52:31,113 - INFO - Initial frequency estimates from FFT: [0.1663113  0.01066098]
2024-11-07 23:52:31,113 - INFO - Wave 6: Starting brute-force search with one sine wave.
2024-11-07 23:52:31,113 - INFO - Total combinations to evaluate: 3150
2024-11-07 23:52:31,114 - INFO - Processing parameter combinations in 1 chunks of size 3150.
2024-11-07 23:52:31,280 - INFO - Wave 6: Progress: 100.00%, Best Score So Far: 517260.71875
2024-11-07 23:52:31,281 - INFO - Wave 6: Completed brute-force search with best score: 517260.71875
2024-11-07 23:52:31,281 - INFO - Wave 6: Starting refinement phase.
2024-11-07 23:52:31,282 - INFO - Wave 6: Refinement candidate 1/5 with 8000 combinations.
2024-11-07 23:52:31,449 - INFO - Wave 6: Refinement Progress: 100.00%, Best Score So Far: 497350.96875
2024-11-07 23:52:31,449 - INFO - Wave 6: Refinement candidate 2/5 with 8000 combinations.
2024-11-07 23:52:31,615 - INFO - Wave 6: Refinement Progress: 100.00%, Best Score So Far: 497168.3125
2024-11-07 23:52:31,616 - INFO - Wave 6: Refinement candidate 3/5 with 8000 combinations.
2024-11-07 23:52:31,784 - INFO - Wave 6: Refinement Progress: 100.00%, Best Score So Far: 497168.3125
2024-11-07 23:52:31,785 - INFO - Wave 6: Refinement candidate 4/5 with 8000 combinations.
2024-11-07 23:52:31,952 - INFO - Wave 6: Refinement Progress: 100.00%, Best Score So Far: 497168.3125
2024-11-07 23:52:31,954 - INFO - Wave 6: Refinement candidate 5/5 with 8000 combinations.
2024-11-07 23:52:32,121 - INFO - Wave 6: Refinement Progress: 100.00%, Best Score So Far: 497168.3125
2024-11-07 23:52:32,121 - INFO - Wave 6: Completed refinement phase with best score: 497168.3125
2024-11-07 23:52:32,286 - INFO - Wave 6: Best score: 497168.3125
2024-11-07 23:52:32,287 - INFO - Starting discovery of wave 7
2024-11-07 23:52:32,287 - INFO - Using fast step size based on difference: 1060.06
2024-11-07 23:52:32,288 - INFO - Initial frequency estimates from FFT: [0.01066098 0.01492537]
2024-11-07 23:52:32,288 - INFO - Wave 7: Starting brute-force search with one sine wave.
2024-11-07 23:52:32,288 - INFO - Total combinations to evaluate: 3150
2024-11-07 23:52:32,288 - INFO - Processing parameter combinations in 1 chunks of size 3150.
2024-11-07 23:52:32,455 - INFO - Wave 7: Progress: 100.00%, Best Score So Far: 497162.90625
2024-11-07 23:52:32,455 - INFO - Wave 7: Completed brute-force search with best score: 497162.90625
2024-11-07 23:52:32,456 - INFO - Wave 7: Starting refinement phase.
2024-11-07 23:52:32,457 - INFO - Wave 7: Refinement candidate 1/5 with 8000 combinations.
2024-11-07 23:52:32,624 - INFO - Wave 7: Refinement Progress: 100.00%, Best Score So Far: 492132.0625
2024-11-07 23:52:32,625 - INFO - Wave 7: Refinement candidate 2/5 with 8000 combinations.
2024-11-07 23:52:32,790 - INFO - Wave 7: Refinement Progress: 100.00%, Best Score So Far: 491200.3125
2024-11-07 23:52:32,792 - INFO - Wave 7: Refinement candidate 3/5 with 8000 combinations.
2024-11-07 23:52:32,958 - INFO - Wave 7: Refinement Progress: 100.00%, Best Score So Far: 491200.3125
2024-11-07 23:52:32,959 - INFO - Wave 7: Refinement candidate 4/5 with 8000 combinations.
2024-11-07 23:52:33,125 - INFO - Wave 7: Refinement Progress: 100.00%, Best Score So Far: 490897.5625
2024-11-07 23:52:33,126 - INFO - Wave 7: Refinement candidate 5/5 with 8000 combinations.
2024-11-07 23:52:33,292 - INFO - Wave 7: Refinement Progress: 100.00%, Best Score So Far: 490897.5625
2024-11-07 23:52:33,292 - INFO - Wave 7: Completed refinement phase with best score: 490897.5625
2024-11-07 23:52:33,459 - INFO - Wave 7: Best score: 490897.5625
2024-11-07 23:52:33,459 - INFO - Starting discovery of wave 8
2024-11-07 23:52:33,459 - INFO - Using fast step size based on difference: 1046.69
2024-11-07 23:52:33,460 - INFO - Initial frequency estimates from FFT: [0.00639659 0.01492537]
2024-11-07 23:52:33,460 - INFO - Wave 8: Starting brute-force search with one sine wave.
2024-11-07 23:52:33,460 - INFO - Total combinations to evaluate: 3150
2024-11-07 23:52:33,460 - INFO - Processing parameter combinations in 1 chunks of size 3150.
2024-11-07 23:52:33,628 - INFO - Wave 8: Progress: 100.00%, Best Score So Far: 474979.09375
2024-11-07 23:52:33,628 - INFO - Wave 8: Completed brute-force search with best score: 474979.09375
2024-11-07 23:52:33,629 - INFO - Wave 8: Starting refinement phase.
2024-11-07 23:52:33,631 - INFO - Wave 8: Refinement candidate 1/5 with 8000 combinations.
2024-11-07 23:52:33,796 - INFO - Wave 8: Refinement Progress: 100.00%, Best Score So Far: 447869.0625
2024-11-07 23:52:33,797 - INFO - Wave 8: Refinement candidate 2/5 with 8000 combinations.
2024-11-07 23:52:33,962 - INFO - Wave 8: Refinement Progress: 100.00%, Best Score So Far: 447869.0625
2024-11-07 23:52:33,963 - INFO - Wave 8: Refinement candidate 3/5 with 8000 combinations.
2024-11-07 23:52:34,129 - INFO - Wave 8: Refinement Progress: 100.00%, Best Score So Far: 447869.0625
2024-11-07 23:52:34,130 - INFO - Wave 8: Refinement candidate 4/5 with 8000 combinations.
2024-11-07 23:52:34,295 - INFO - Wave 8: Refinement Progress: 100.00%, Best Score So Far: 447869.0625
2024-11-07 23:52:34,296 - INFO - Wave 8: Refinement candidate 5/5 with 8000 combinations.
2024-11-07 23:52:34,462 - INFO - Wave 8: Refinement Progress: 100.00%, Best Score So Far: 447869.0625
2024-11-07 23:52:34,462 - INFO - Wave 8: Completed refinement phase with best score: 447869.0625
2024-11-07 23:52:34,629 - INFO - Wave 8: Best score: 447869.0625
2024-11-07 23:52:34,629 - INFO - Starting discovery of wave 9
2024-11-07 23:52:34,630 - INFO - Using normal step size based on difference: 954.94
2024-11-07 23:52:34,630 - INFO - Initial frequency estimates from FFT: [0.01492537 0.08102345]
2024-11-07 23:52:34,630 - INFO - Wave 9: Starting brute-force search with one sine wave.
2024-11-07 23:52:34,631 - INFO - Total combinations to evaluate: 13860
2024-11-07 23:52:34,631 - INFO - Processing parameter combinations in 1 chunks of size 13860.
2024-11-07 23:52:34,798 - INFO - Wave 9: Progress: 100.00%, Best Score So Far: 447864.53125
2024-11-07 23:52:34,798 - INFO - Wave 9: Completed brute-force search with best score: 447864.53125
2024-11-07 23:52:34,799 - INFO - Wave 9: Starting refinement phase.
2024-11-07 23:52:34,800 - INFO - Wave 9: Refinement candidate 1/5 with 8000 combinations.
2024-11-07 23:52:34,967 - INFO - Wave 9: Refinement Progress: 100.00%, Best Score So Far: 445391.0625
2024-11-07 23:52:34,968 - INFO - Wave 9: Refinement candidate 2/5 with 8000 combinations.
2024-11-07 23:52:35,136 - INFO - Wave 9: Refinement Progress: 100.00%, Best Score So Far: 445391.0625
2024-11-07 23:52:35,137 - INFO - Wave 9: Refinement candidate 3/5 with 8000 combinations.
2024-11-07 23:52:35,303 - INFO - Wave 9: Refinement Progress: 100.00%, Best Score So Far: 445391.0625
2024-11-07 23:52:35,304 - INFO - Wave 9: Refinement candidate 4/5 with 8000 combinations.
2024-11-07 23:52:35,469 - INFO - Wave 9: Refinement Progress: 100.00%, Best Score So Far: 445391.0625
2024-11-07 23:52:35,470 - INFO - Wave 9: Refinement candidate 5/5 with 8000 combinations.
2024-11-07 23:52:35,636 - INFO - Wave 9: Refinement Progress: 100.00%, Best Score So Far: 445391.0625
2024-11-07 23:52:35,636 - INFO - Wave 9: Completed refinement phase with best score: 445391.0625
2024-11-07 23:52:35,817 - INFO - Wave 9: Best score: 445391.0625
2024-11-07 23:52:35,818 - INFO - Starting discovery of wave 10
2024-11-07 23:52:35,818 - INFO - Using normal step size based on difference: 949.66
2024-11-07 23:52:35,819 - INFO - Initial frequency estimates from FFT: [0.08102345 0.1663113 ]
2024-11-07 23:52:35,819 - INFO - Wave 10: Starting brute-force search with one sine wave.
2024-11-07 23:52:35,819 - INFO - Total combinations to evaluate: 12600
2024-11-07 23:52:35,819 - INFO - Processing parameter combinations in 1 chunks of size 12600.
2024-11-07 23:52:35,986 - INFO - Wave 10: Progress: 100.00%, Best Score So Far: 445388.03125
2024-11-07 23:52:35,986 - INFO - Wave 10: Completed brute-force search with best score: 445388.03125
2024-11-07 23:52:35,988 - INFO - Wave 10: Starting refinement phase.
2024-11-07 23:52:35,990 - INFO - Wave 10: Refinement candidate 1/5 with 8000 combinations.
2024-11-07 23:52:36,194 - INFO - Wave 10: Refinement Progress: 100.00%, Best Score So Far: 445387.96875
2024-11-07 23:52:36,195 - INFO - Wave 10: Refinement candidate 2/5 with 8000 combinations.
2024-11-07 23:52:36,360 - INFO - Wave 10: Refinement Progress: 100.00%, Best Score So Far: 445387.96875
2024-11-07 23:52:36,361 - INFO - Wave 10: Refinement candidate 3/5 with 8000 combinations.
2024-11-07 23:52:36,526 - INFO - Wave 10: Refinement Progress: 100.00%, Best Score So Far: 445387.96875
2024-11-07 23:52:36,527 - INFO - Wave 10: Refinement candidate 4/5 with 8000 combinations.
2024-11-07 23:52:36,693 - INFO - Wave 10: Refinement Progress: 100.00%, Best Score So Far: 445387.96875
2024-11-07 23:52:36,694 - INFO - Wave 10: Refinement candidate 5/5 with 8000 combinations.
2024-11-07 23:52:36,859 - INFO - Wave 10: Refinement Progress: 100.00%, Best Score So Far: 445387.96875
2024-11-07 23:52:36,859 - INFO - Wave 10: Completed refinement phase with best score: 445387.96875
2024-11-07 23:52:37,026 - INFO - Wave 10: Best score: 445387.96875
2024-11-07 23:52:37,026 - INFO - Starting discovery of wave 11
2024-11-07 23:52:37,026 - INFO - Using normal step size based on difference: 949.66
2024-11-07 23:52:37,027 - INFO - Initial frequency estimates from FFT: [0.08102345 0.1663113 ]
2024-11-07 23:52:37,027 - INFO - Wave 11: Starting brute-force search with one sine wave.
2024-11-07 23:52:37,027 - INFO - Total combinations to evaluate: 12600
2024-11-07 23:52:37,027 - INFO - Processing parameter combinations in 1 chunks of size 12600.
2024-11-07 23:52:37,195 - INFO - Wave 11: Progress: 100.00%, Best Score So Far: 445385.34375
2024-11-07 23:52:37,195 - INFO - Wave 11: Completed brute-force search with best score: 445385.34375
2024-11-07 23:52:37,197 - INFO - Wave 11: Starting refinement phase.
2024-11-07 23:52:37,198 - INFO - Wave 11: Refinement candidate 1/5 with 8000 combinations.
2024-11-07 23:52:37,370 - INFO - Wave 11: Refinement Progress: 100.00%, Best Score So Far: 445385.28125
2024-11-07 23:52:37,371 - INFO - Wave 11: Refinement candidate 2/5 with 8000 combinations.
2024-11-07 23:52:37,539 - INFO - Wave 11: Refinement Progress: 100.00%, Best Score So Far: 445385.28125
2024-11-07 23:52:37,540 - INFO - Wave 11: Refinement candidate 3/5 with 8000 combinations.
2024-11-07 23:52:37,705 - INFO - Wave 11: Refinement Progress: 100.00%, Best Score So Far: 445385.28125
2024-11-07 23:52:37,706 - INFO - Wave 11: Refinement candidate 4/5 with 8000 combinations.
2024-11-07 23:52:37,871 - INFO - Wave 11: Refinement Progress: 100.00%, Best Score So Far: 445385.28125
2024-11-07 23:52:37,872 - INFO - Wave 11: Refinement candidate 5/5 with 8000 combinations.
2024-11-07 23:52:38,037 - INFO - Wave 11: Refinement Progress: 100.00%, Best Score So Far: 445385.28125
2024-11-07 23:52:38,038 - INFO - Wave 11: Completed refinement phase with best score: 445385.28125
2024-11-07 23:52:38,205 - INFO - Wave 11: Best score: 445385.28125
2024-11-07 23:52:38,206 - INFO - Starting discovery of wave 12
2024-11-07 23:52:38,206 - INFO - Using normal step size based on difference: 949.65
2024-11-07 23:52:38,206 - INFO - Initial frequency estimates from FFT: [0.08102345 0.1663113 ]
2024-11-07 23:52:38,206 - INFO - Wave 12: Starting brute-force search with one sine wave.
2024-11-07 23:52:38,207 - INFO - Total combinations to evaluate: 12600
2024-11-07 23:52:38,207 - INFO - Processing parameter combinations in 1 chunks of size 12600.
2024-11-07 23:52:38,375 - INFO - Wave 12: Progress: 100.00%, Best Score So Far: 445382.6875
2024-11-07 23:52:38,375 - INFO - Wave 12: Completed brute-force search with best score: 445382.6875
2024-11-07 23:52:38,376 - INFO - Wave 12: Starting refinement phase.
2024-11-07 23:52:38,378 - INFO - Wave 12: Refinement candidate 1/5 with 8000 combinations.
2024-11-07 23:52:38,544 - INFO - Wave 12: Refinement Progress: 100.00%, Best Score So Far: 445382.53125
2024-11-07 23:52:38,545 - INFO - Wave 12: Refinement candidate 2/5 with 8000 combinations.
2024-11-07 23:52:38,711 - INFO - Wave 12: Refinement Progress: 100.00%, Best Score So Far: 445382.53125
2024-11-07 23:52:38,712 - INFO - Wave 12: Refinement candidate 3/5 with 8000 combinations.
2024-11-07 23:52:38,879 - INFO - Wave 12: Refinement Progress: 100.00%, Best Score So Far: 445382.53125
2024-11-07 23:52:38,880 - INFO - Wave 12: Refinement candidate 4/5 with 8000 combinations.
2024-11-07 23:52:39,045 - INFO - Wave 12: Refinement Progress: 100.00%, Best Score So Far: 445382.53125
2024-11-07 23:52:39,046 - INFO - Wave 12: Refinement candidate 5/5 with 8000 combinations.
2024-11-07 23:52:39,212 - INFO - Wave 12: Refinement Progress: 100.00%, Best Score So Far: 445382.53125
2024-11-07 23:52:39,212 - INFO - Wave 12: Completed refinement phase with best score: 445382.53125
2024-11-07 23:52:39,380 - INFO - Wave 12: Best score: 445382.53125
2024-11-07 23:52:39,381 - INFO - Starting discovery of wave 13
2024-11-07 23:52:39,381 - INFO - Using normal step size based on difference: 949.64
2024-11-07 23:52:39,382 - INFO - Initial frequency estimates from FFT: [0.08102345 0.1663113 ]
2024-11-07 23:52:39,382 - INFO - Wave 13: Starting brute-force search with one sine wave.
2024-11-07 23:52:39,382 - INFO - Total combinations to evaluate: 12600
2024-11-07 23:52:39,383 - INFO - Processing parameter combinations in 1 chunks of size 12600.
2024-11-07 23:52:39,550 - INFO - Wave 13: Progress: 100.00%, Best Score So Far: 445379.8125
2024-11-07 23:52:39,551 - INFO - Wave 13: Completed brute-force search with best score: 445379.8125
2024-11-07 23:52:39,552 - INFO - Wave 13: Starting refinement phase.
2024-11-07 23:52:39,554 - INFO - Wave 13: Refinement candidate 1/5 with 8000 combinations.
2024-11-07 23:52:39,719 - INFO - Wave 13: Refinement Progress: 100.00%, Best Score So Far: 445379.75
2024-11-07 23:52:39,720 - INFO - Wave 13: Refinement candidate 2/5 with 8000 combinations.
2024-11-07 23:52:39,885 - INFO - Wave 13: Refinement Progress: 100.00%, Best Score So Far: 445379.625
2024-11-07 23:52:39,886 - INFO - Wave 13: Refinement candidate 3/5 with 8000 combinations.
2024-11-07 23:52:40,050 - INFO - Wave 13: Refinement Progress: 100.00%, Best Score So Far: 445379.625
2024-11-07 23:52:40,051 - INFO - Wave 13: Refinement candidate 4/5 with 8000 combinations.
2024-11-07 23:52:40,214 - INFO - Wave 13: Refinement Progress: 100.00%, Best Score So Far: 445379.625
2024-11-07 23:52:40,215 - INFO - Wave 13: Refinement candidate 5/5 with 8000 combinations.
2024-11-07 23:52:40,381 - INFO - Wave 13: Refinement Progress: 100.00%, Best Score So Far: 445379.625
2024-11-07 23:52:40,381 - INFO - Wave 13: Completed refinement phase with best score: 445379.625
2024-11-07 23:52:40,546 - INFO - Wave 13: Best score: 445379.625
2024-11-07 23:52:40,546 - INFO - Starting discovery of wave 14
2024-11-07 23:52:40,547 - INFO - Using normal step size based on difference: 949.64
2024-11-07 23:52:40,547 - INFO - Initial frequency estimates from FFT: [0.08102345 0.1663113 ]
2024-11-07 23:52:40,547 - INFO - Wave 14: Starting brute-force search with one sine wave.
2024-11-07 23:52:40,548 - INFO - Total combinations to evaluate: 12600
2024-11-07 23:52:40,548 - INFO - Processing parameter combinations in 1 chunks of size 12600.
2024-11-07 23:52:40,712 - INFO - Wave 14: Progress: 100.00%, Best Score So Far: 445376.96875
2024-11-07 23:52:40,713 - INFO - Wave 14: Completed brute-force search with best score: 445376.96875
2024-11-07 23:52:40,713 - INFO - Wave 14: Starting refinement phase.
2024-11-07 23:52:40,715 - INFO - Wave 14: Refinement candidate 1/5 with 8000 combinations.
2024-11-07 23:52:40,880 - INFO - Wave 14: Refinement Progress: 100.00%, Best Score So Far: 445376.875
2024-11-07 23:52:40,881 - INFO - Wave 14: Refinement candidate 2/5 with 8000 combinations.
2024-11-07 23:52:41,046 - INFO - Wave 14: Refinement Progress: 100.00%, Best Score So Far: 445376.875
2024-11-07 23:52:41,047 - INFO - Wave 14: Refinement candidate 3/5 with 8000 combinations.
2024-11-07 23:52:41,210 - INFO - Wave 14: Refinement Progress: 100.00%, Best Score So Far: 445376.875
2024-11-07 23:52:41,211 - INFO - Wave 14: Refinement candidate 4/5 with 8000 combinations.
2024-11-07 23:52:41,375 - INFO - Wave 14: Refinement Progress: 100.00%, Best Score So Far: 445376.875
2024-11-07 23:52:41,376 - INFO - Wave 14: Refinement candidate 5/5 with 8000 combinations.
2024-11-07 23:52:41,541 - INFO - Wave 14: Refinement Progress: 100.00%, Best Score So Far: 445376.875
2024-11-07 23:52:41,541 - INFO - Wave 14: Completed refinement phase with best score: 445376.875
2024-11-07 23:52:41,706 - INFO - Wave 14: Best score: 445376.875
2024-11-07 23:52:41,706 - INFO - Starting discovery of wave 15
2024-11-07 23:52:41,706 - INFO - Using normal step size based on difference: 949.63
2024-11-07 23:52:41,707 - INFO - Initial frequency estimates from FFT: [0.08102345 0.1663113 ]
2024-11-07 23:52:41,707 - INFO - Wave 15: Starting brute-force search with one sine wave.
2024-11-07 23:52:41,707 - INFO - Total combinations to evaluate: 12600
2024-11-07 23:52:41,707 - INFO - Processing parameter combinations in 1 chunks of size 12600.
2024-11-07 23:52:41,874 - INFO - Wave 15: Progress: 100.00%, Best Score So Far: 445374.1875
2024-11-07 23:52:41,874 - INFO - Wave 15: Completed brute-force search with best score: 445374.1875
2024-11-07 23:52:41,875 - INFO - Wave 15: Starting refinement phase.
2024-11-07 23:52:41,877 - INFO - Wave 15: Refinement candidate 1/5 with 8000 combinations.
2024-11-07 23:52:42,041 - INFO - Wave 15: Refinement Progress: 100.00%, Best Score So Far: 445374.15625
2024-11-07 23:52:42,042 - INFO - Wave 15: Refinement candidate 2/5 with 8000 combinations.
2024-11-07 23:52:42,206 - INFO - Wave 15: Refinement Progress: 100.00%, Best Score So Far: 445374.125
2024-11-07 23:52:42,206 - INFO - Wave 15: Refinement candidate 3/5 with 8000 combinations.
2024-11-07 23:52:42,373 - INFO - Wave 15: Refinement Progress: 100.00%, Best Score So Far: 445374.125
2024-11-07 23:52:42,373 - INFO - Wave 15: Refinement candidate 4/5 with 8000 combinations.
2024-11-07 23:52:42,539 - INFO - Wave 15: Refinement Progress: 100.00%, Best Score So Far: 445374.125
2024-11-07 23:52:42,540 - INFO - Wave 15: Refinement candidate 5/5 with 8000 combinations.
2024-11-07 23:52:42,704 - INFO - Wave 15: Refinement Progress: 100.00%, Best Score So Far: 445374.125
2024-11-07 23:52:42,704 - INFO - Wave 15: Completed refinement phase with best score: 445374.125
2024-11-07 23:52:42,870 - INFO - Wave 15: Best score: 445374.125
2024-11-07 23:52:42,870 - INFO - Starting discovery of wave 16
2024-11-07 23:52:42,870 - INFO - Using normal step size based on difference: 949.63
2024-11-07 23:52:42,871 - INFO - Initial frequency estimates from FFT: [0.08102345 0.1663113 ]
2024-11-07 23:52:42,871 - INFO - Wave 16: Starting brute-force search with one sine wave.
2024-11-07 23:52:42,871 - INFO - Total combinations to evaluate: 12600
2024-11-07 23:52:42,872 - INFO - Processing parameter combinations in 1 chunks of size 12600.
2024-11-07 23:52:43,037 - INFO - Wave 16: Progress: 100.00%, Best Score So Far: 445371.5625
2024-11-07 23:52:43,037 - INFO - Wave 16: Completed brute-force search with best score: 445371.5625
2024-11-07 23:52:43,038 - INFO - Wave 16: Starting refinement phase.
2024-11-07 23:52:43,039 - INFO - Wave 16: Refinement candidate 1/5 with 8000 combinations.
2024-11-07 23:52:43,204 - INFO - Wave 16: Refinement Progress: 100.00%, Best Score So Far: 445371.5
2024-11-07 23:52:43,204 - INFO - Wave 16: Refinement candidate 2/5 with 8000 combinations.
2024-11-07 23:52:43,369 - INFO - Wave 16: Refinement Progress: 100.00%, Best Score So Far: 445371.5
2024-11-07 23:52:43,370 - INFO - Wave 16: Refinement candidate 3/5 with 8000 combinations.
2024-11-07 23:52:43,536 - INFO - Wave 16: Refinement Progress: 100.00%, Best Score So Far: 445371.5
2024-11-07 23:52:43,536 - INFO - Wave 16: Refinement candidate 4/5 with 8000 combinations.
2024-11-07 23:52:43,700 - INFO - Wave 16: Refinement Progress: 100.00%, Best Score So Far: 445371.5
2024-11-07 23:52:43,700 - INFO - Wave 16: Refinement candidate 5/5 with 8000 combinations.
2024-11-07 23:52:43,865 - INFO - Wave 16: Refinement Progress: 100.00%, Best Score So Far: 445371.5
2024-11-07 23:52:43,865 - INFO - Wave 16: Completed refinement phase with best score: 445371.5
2024-11-07 23:52:44,030 - INFO - Wave 16: Best score: 445371.5
2024-11-07 23:52:44,030 - INFO - Starting discovery of wave 17
2024-11-07 23:52:44,030 - INFO - Using normal step size based on difference: 949.62
2024-11-07 23:52:44,031 - INFO - Initial frequency estimates from FFT: [0.08102345 0.1663113 ]
2024-11-07 23:52:44,031 - INFO - Wave 17: Starting brute-force search with one sine wave.
2024-11-07 23:52:44,032 - INFO - Total combinations to evaluate: 12600
2024-11-07 23:52:44,032 - INFO - Processing parameter combinations in 1 chunks of size 12600.
2024-11-07 23:52:44,197 - INFO - Wave 17: Progress: 100.00%, Best Score So Far: 445368.6875
2024-11-07 23:52:44,197 - INFO - Wave 17: Completed brute-force search with best score: 445368.6875
2024-11-07 23:52:44,198 - INFO - Wave 17: Starting refinement phase.
2024-11-07 23:52:44,199 - INFO - Wave 17: Refinement candidate 1/5 with 8000 combinations.
2024-11-07 23:52:44,403 - INFO - Wave 17: Refinement Progress: 100.00%, Best Score So Far: 445368.625
2024-11-07 23:52:44,403 - INFO - Wave 17: Refinement candidate 2/5 with 8000 combinations.
2024-11-07 23:52:44,567 - INFO - Wave 17: Refinement Progress: 100.00%, Best Score So Far: 445368.625
2024-11-07 23:52:44,568 - INFO - Wave 17: Refinement candidate 3/5 with 8000 combinations.
2024-11-07 23:52:44,733 - INFO - Wave 17: Refinement Progress: 100.00%, Best Score So Far: 445368.625
2024-11-07 23:52:44,733 - INFO - Wave 17: Refinement candidate 4/5 with 8000 combinations.
2024-11-07 23:52:44,897 - INFO - Wave 17: Refinement Progress: 100.00%, Best Score So Far: 445368.625
2024-11-07 23:52:44,898 - INFO - Wave 17: Refinement candidate 5/5 with 8000 combinations.
2024-11-07 23:52:45,062 - INFO - Wave 17: Refinement Progress: 100.00%, Best Score So Far: 445368.625
2024-11-07 23:52:45,062 - INFO - Wave 17: Completed refinement phase with best score: 445368.625
2024-11-07 23:52:45,227 - INFO - Wave 17: Best score: 445368.625
2024-11-07 23:52:45,227 - INFO - Starting discovery of wave 18
2024-11-07 23:52:45,227 - INFO - Using normal step size based on difference: 949.61
2024-11-07 23:52:45,228 - INFO - Initial frequency estimates from FFT: [0.08102345 0.1663113 ]
2024-11-07 23:52:45,228 - INFO - Wave 18: Starting brute-force search with one sine wave.
2024-11-07 23:52:45,228 - INFO - Total combinations to evaluate: 12600
2024-11-07 23:52:45,228 - INFO - Processing parameter combinations in 1 chunks of size 12600.
2024-11-07 23:52:45,393 - INFO - Wave 18: Progress: 100.00%, Best Score So Far: 445365.96875
2024-11-07 23:52:45,393 - INFO - Wave 18: Completed brute-force search with best score: 445365.96875
2024-11-07 23:52:45,394 - INFO - Wave 18: Starting refinement phase.
2024-11-07 23:52:45,396 - INFO - Wave 18: Refinement candidate 1/5 with 8000 combinations.
2024-11-07 23:52:45,561 - INFO - Wave 18: Refinement Progress: 100.00%, Best Score So Far: 445365.90625
2024-11-07 23:52:45,562 - INFO - Wave 18: Refinement candidate 2/5 with 8000 combinations.
2024-11-07 23:52:45,726 - INFO - Wave 18: Refinement Progress: 100.00%, Best Score So Far: 445365.90625
2024-11-07 23:52:45,727 - INFO - Wave 18: Refinement candidate 3/5 with 8000 combinations.
2024-11-07 23:52:45,891 - INFO - Wave 18: Refinement Progress: 100.00%, Best Score So Far: 445365.90625
2024-11-07 23:52:45,891 - INFO - Wave 18: Refinement candidate 4/5 with 8000 combinations.
2024-11-07 23:52:46,055 - INFO - Wave 18: Refinement Progress: 100.00%, Best Score So Far: 445365.90625
2024-11-07 23:52:46,056 - INFO - Wave 18: Refinement candidate 5/5 with 8000 combinations.
2024-11-07 23:52:46,221 - INFO - Wave 18: Refinement Progress: 100.00%, Best Score So Far: 445365.875
2024-11-07 23:52:46,221 - INFO - Wave 18: Completed refinement phase with best score: 445365.875
2024-11-07 23:52:46,386 - INFO - Wave 18: Best score: 445365.875
2024-11-07 23:52:46,386 - INFO - Starting discovery of wave 19
2024-11-07 23:52:46,387 - INFO - Using normal step size based on difference: 949.61
2024-11-07 23:52:46,387 - INFO - Initial frequency estimates from FFT: [0.08102345 0.1663113 ]
2024-11-07 23:52:46,388 - INFO - Wave 19: Starting brute-force search with one sine wave.
2024-11-07 23:52:46,388 - INFO - Total combinations to evaluate: 12600
2024-11-07 23:52:46,388 - INFO - Processing parameter combinations in 1 chunks of size 12600.
2024-11-07 23:52:46,554 - INFO - Wave 19: Progress: 100.00%, Best Score So Far: 445363.25
2024-11-07 23:52:46,554 - INFO - Wave 19: Completed brute-force search with best score: 445363.25
2024-11-07 23:52:46,555 - INFO - Wave 19: Starting refinement phase.
2024-11-07 23:52:46,557 - INFO - Wave 19: Refinement candidate 1/5 with 8000 combinations.
2024-11-07 23:52:46,722 - INFO - Wave 19: Refinement Progress: 100.00%, Best Score So Far: 445363.21875
2024-11-07 23:52:46,723 - INFO - Wave 19: Refinement candidate 2/5 with 8000 combinations.
2024-11-07 23:52:46,887 - INFO - Wave 19: Refinement Progress: 100.00%, Best Score So Far: 445363.21875
2024-11-07 23:52:46,889 - INFO - Wave 19: Refinement candidate 3/5 with 8000 combinations.
2024-11-07 23:52:47,055 - INFO - Wave 19: Refinement Progress: 100.00%, Best Score So Far: 445363.125
2024-11-07 23:52:47,056 - INFO - Wave 19: Refinement candidate 4/5 with 8000 combinations.
2024-11-07 23:52:47,221 - INFO - Wave 19: Refinement Progress: 100.00%, Best Score So Far: 445363.125
2024-11-07 23:52:47,222 - INFO - Wave 19: Refinement candidate 5/5 with 8000 combinations.
2024-11-07 23:52:47,387 - INFO - Wave 19: Refinement Progress: 100.00%, Best Score So Far: 445363.125
2024-11-07 23:52:47,388 - INFO - Wave 19: Completed refinement phase with best score: 445363.125
2024-11-07 23:52:47,559 - INFO - Wave 19: Best score: 445363.125
2024-11-07 23:52:47,559 - INFO - Starting discovery of wave 20
2024-11-07 23:52:47,560 - INFO - Using normal step size based on difference: 949.60
2024-11-07 23:52:47,560 - INFO - Initial frequency estimates from FFT: [0.08102345 0.1663113 ]
2024-11-07 23:52:47,560 - INFO - Wave 20: Starting brute-force search with one sine wave.
2024-11-07 23:52:47,561 - INFO - Total combinations to evaluate: 12600
2024-11-07 23:52:47,561 - INFO - Processing parameter combinations in 1 chunks of size 12600.
2024-11-07 23:52:47,728 - INFO - Wave 20: Progress: 100.00%, Best Score So Far: 445360.40625
2024-11-07 23:52:47,728 - INFO - Wave 20: Completed brute-force search with best score: 445360.40625
2024-11-07 23:52:47,729 - INFO - Wave 20: Starting refinement phase.
2024-11-07 23:52:47,731 - INFO - Wave 20: Refinement candidate 1/5 with 8000 combinations.
2024-11-07 23:52:47,897 - INFO - Wave 20: Refinement Progress: 100.00%, Best Score So Far: 445360.28125
2024-11-07 23:52:47,897 - INFO - Wave 20: Refinement candidate 2/5 with 8000 combinations.
2024-11-07 23:52:48,063 - INFO - Wave 20: Refinement Progress: 100.00%, Best Score So Far: 445360.28125
2024-11-07 23:52:48,064 - INFO - Wave 20: Refinement candidate 3/5 with 8000 combinations.
2024-11-07 23:52:48,230 - INFO - Wave 20: Refinement Progress: 100.00%, Best Score So Far: 445360.28125
2024-11-07 23:52:48,230 - INFO - Wave 20: Refinement candidate 4/5 with 8000 combinations.
2024-11-07 23:52:48,394 - INFO - Wave 20: Refinement Progress: 100.00%, Best Score So Far: 445360.28125
2024-11-07 23:52:48,395 - INFO - Wave 20: Refinement candidate 5/5 with 8000 combinations.
2024-11-07 23:52:48,561 - INFO - Wave 20: Refinement Progress: 100.00%, Best Score So Far: 445360.28125
2024-11-07 23:52:48,561 - INFO - Wave 20: Completed refinement phase with best score: 445360.28125
2024-11-07 23:52:48,727 - INFO - Wave 20: Best score: 445360.28125
2024-11-07 23:52:48,727 - INFO - Reached the specified wave count of 20. Exiting.
