2024-11-07 23:52:07,529 - INFO - Sines is Starting
2024-11-07 23:52:07,605 - INFO - Using device: Quadro 6000
2024-11-07 23:52:07,605 - INFO - Max work group size: 1024
2024-11-07 23:52:07,605 - INFO - Device Max Work Group Size: 1024
2024-11-07 23:52:07,606 - INFO - Device Max Memory Allocation Size: 1590149120 bytes
2024-11-07 23:52:07,612 - INFO - Loaded data from CSV file: /home/wayne/Downloads/M4Data_transformed/M1_Monthly-train.csv
2024-11-07 23:52:07,614 - INFO - Loaded data statistics:
2024-11-07 23:52:07,614 - INFO -   Number of data points: 469
2024-11-07 23:52:07,614 - INFO -   Max value: 13490.0
2024-11-07 23:52:07,614 - INFO -   Min value: 2690.0
2024-11-07 23:52:07,614 - INFO -   Mean value: 6306.2473347547975
2024-11-07 23:52:07,614 - INFO -   Start date: 1976-06-01 12:00:00
2024-11-07 23:52:07,615 - INFO -   End date: 2015-06-01 12:00:00
2024-11-07 23:52:07,883 - INFO - Starting discovery of wave 1
2024-11-07 23:52:07,883 - INFO - Using fast step size based on difference: 6306.25
2024-11-07 23:52:07,883 - INFO - Wave 1: Starting brute-force search with one sine wave.
2024-11-07 23:52:07,884 - INFO - Total combinations to evaluate: 5355
2024-11-07 23:52:07,884 - INFO - Processing parameter combinations in 1 chunks of size 5355.
2024-11-07 23:52:08,107 - INFO - Wave 1: Progress: 100.00%, Best Score So Far: 647494.0625
2024-11-07 23:52:08,107 - INFO - Wave 1: Completed brute-force search with best score: 647494.0625
2024-11-07 23:52:08,109 - INFO - Wave 1: Starting refinement phase.
2024-11-07 23:52:08,110 - INFO - Wave 1: Refinement candidate 1/5 with 8000 combinations.
2024-11-07 23:52:08,277 - INFO - Wave 1: Refinement Progress: 100.00%, Best Score So Far: 641136.25
2024-11-07 23:52:08,278 - INFO - Wave 1: Refinement candidate 2/5 with 8000 combinations.
2024-11-07 23:52:08,441 - INFO - Wave 1: Refinement Progress: 100.00%, Best Score So Far: 641136.25
2024-11-07 23:52:08,442 - INFO - Wave 1: Refinement candidate 3/5 with 8000 combinations.
2024-11-07 23:52:08,606 - INFO - Wave 1: Refinement Progress: 100.00%, Best Score So Far: 641136.25
2024-11-07 23:52:08,607 - INFO - Wave 1: Refinement candidate 4/5 with 8000 combinations.
2024-11-07 23:52:08,770 - INFO - Wave 1: Refinement Progress: 100.00%, Best Score So Far: 641136.25
2024-11-07 23:52:08,771 - INFO - Wave 1: Refinement candidate 5/5 with 8000 combinations.
2024-11-07 23:52:08,933 - INFO - Wave 1: Refinement Progress: 100.00%, Best Score So Far: 641136.25
2024-11-07 23:52:08,933 - INFO - Wave 1: Completed refinement phase with best score: 641136.25
2024-11-07 23:52:09,096 - INFO - Wave 1: Best score: 641136.25
2024-11-07 23:52:09,097 - INFO - Starting discovery of wave 2
2024-11-07 23:52:09,097 - INFO - Using fast step size based on difference: 1367.03
2024-11-07 23:52:09,097 - INFO - Wave 2: Starting brute-force search with one sine wave.
2024-11-07 23:52:09,097 - INFO - Total combinations to evaluate: 5355
2024-11-07 23:52:09,097 - INFO - Processing parameter combinations in 1 chunks of size 5355.
2024-11-07 23:52:09,297 - INFO - Wave 2: Progress: 100.00%, Best Score So Far: 640359.75
2024-11-07 23:52:09,298 - INFO - Wave 2: Completed brute-force search with best score: 640359.75
2024-11-07 23:52:09,298 - INFO - Wave 2: Starting refinement phase.
2024-11-07 23:52:09,299 - INFO - Wave 2: Refinement candidate 1/5 with 8000 combinations.
2024-11-07 23:52:09,460 - INFO - Wave 2: Refinement Progress: 100.00%, Best Score So Far: 640025.375
2024-11-07 23:52:09,461 - INFO - Wave 2: Refinement candidate 2/5 with 8000 combinations.
2024-11-07 23:52:09,623 - INFO - Wave 2: Refinement Progress: 100.00%, Best Score So Far: 640025.375
2024-11-07 23:52:09,624 - INFO - Wave 2: Refinement candidate 3/5 with 8000 combinations.
2024-11-07 23:52:09,784 - INFO - Wave 2: Refinement Progress: 100.00%, Best Score So Far: 629155.25
2024-11-07 23:52:09,785 - INFO - Wave 2: Refinement candidate 4/5 with 8000 combinations.
2024-11-07 23:52:09,948 - INFO - Wave 2: Refinement Progress: 100.00%, Best Score So Far: 629155.25
2024-11-07 23:52:09,949 - INFO - Wave 2: Refinement candidate 5/5 with 8000 combinations.
2024-11-07 23:52:10,110 - INFO - Wave 2: Refinement Progress: 100.00%, Best Score So Far: 629155.25
2024-11-07 23:52:10,110 - INFO - Wave 2: Completed refinement phase with best score: 629155.25
2024-11-07 23:52:10,278 - INFO - Wave 2: Best score: 629155.25
2024-11-07 23:52:10,278 - INFO - Starting discovery of wave 3
2024-11-07 23:52:10,278 - INFO - Using fast step size based on difference: 1341.48
2024-11-07 23:52:10,279 - INFO - Wave 3: Starting brute-force search with one sine wave.
2024-11-07 23:52:10,279 - INFO - Total combinations to evaluate: 5355
2024-11-07 23:52:10,279 - INFO - Processing parameter combinations in 1 chunks of size 5355.
2024-11-07 23:52:10,443 - INFO - Wave 3: Progress: 100.00%, Best Score So Far: 623672.75
2024-11-07 23:52:10,443 - INFO - Wave 3: Completed brute-force search with best score: 623672.75
2024-11-07 23:52:10,444 - INFO - Wave 3: Starting refinement phase.
2024-11-07 23:52:10,445 - INFO - Wave 3: Refinement candidate 1/5 with 8000 combinations.
2024-11-07 23:52:10,606 - INFO - Wave 3: Refinement Progress: 100.00%, Best Score So Far: 623098.5
2024-11-07 23:52:10,606 - INFO - Wave 3: Refinement candidate 2/5 with 8000 combinations.
2024-11-07 23:52:10,768 - INFO - Wave 3: Refinement Progress: 100.00%, Best Score So Far: 622935.0625
2024-11-07 23:52:10,769 - INFO - Wave 3: Refinement candidate 3/5 with 8000 combinations.
2024-11-07 23:52:10,930 - INFO - Wave 3: Refinement Progress: 100.00%, Best Score So Far: 622915.0625
2024-11-07 23:52:10,931 - INFO - Wave 3: Refinement candidate 4/5 with 8000 combinations.
2024-11-07 23:52:11,090 - INFO - Wave 3: Refinement Progress: 100.00%, Best Score So Far: 622915.0625
2024-11-07 23:52:11,091 - INFO - Wave 3: Refinement candidate 5/5 with 8000 combinations.
2024-11-07 23:52:11,252 - INFO - Wave 3: Refinement Progress: 100.00%, Best Score So Far: 622915.0625
2024-11-07 23:52:11,253 - INFO - Wave 3: Completed refinement phase with best score: 622915.0625
2024-11-07 23:52:11,416 - INFO - Wave 3: Best score: 622915.0625
2024-11-07 23:52:11,416 - INFO - Reached the specified wave count of 3. Exiting.
