2024-11-08 00:13:31,218 - INFO - Sines is Starting
2024-11-08 00:13:31,262 - INFO - Using device: Quadro 6000
2024-11-08 00:13:31,262 - INFO - Max work group size: 1024
2024-11-08 00:13:31,262 - INFO - Device Max Work Group Size: 1024
2024-11-08 00:13:31,262 - INFO - Device Max Memory Allocation Size: 1590149120 bytes
2024-11-08 00:13:31,268 - INFO - Loaded data from CSV file: /home/wayne/Downloads/M4Data_transformed/M1_Monthly-train.csv
2024-11-08 00:13:31,270 - INFO - Loaded data statistics:
2024-11-08 00:13:31,270 - INFO -   Number of data points: 469
2024-11-08 00:13:31,270 - INFO -   Max value: 13490.0
2024-11-08 00:13:31,270 - INFO -   Min value: 2690.0
2024-11-08 00:13:31,270 - INFO -   Mean value: 6306.2473347547975
2024-11-08 00:13:31,270 - INFO -   Start date: 1976-06-01 12:00:00
2024-11-08 00:13:31,270 - INFO -   End date: 2015-06-01 12:00:00
2024-11-08 00:13:31,532 - INFO - Starting discovery of wave 1
2024-11-08 00:13:31,533 - INFO - Using fast step size based on difference: 6306.25
2024-11-08 00:13:31,533 - INFO - Wave 1: Starting brute-force search with one sine wave.
2024-11-08 00:13:31,533 - INFO - Total combinations to evaluate: 5355
2024-11-08 00:13:31,533 - INFO - Processing parameter combinations in 1 chunks of size 5355.
2024-11-08 00:13:31,750 - INFO - Wave 1: Progress: 100.00%, Best Score So Far: 647494.0625
2024-11-08 00:13:31,750 - INFO - Wave 1: Completed brute-force search with best score: 647494.0625
2024-11-08 00:13:31,750 - INFO - Wave 1: Starting refinement phase.
2024-11-08 00:13:31,752 - INFO - Wave 1: Refinement candidate 1/5 with 8000 combinations.
2024-11-08 00:13:31,945 - INFO - Wave 1: Refinement Progress: 100.00%, Best Score So Far: 641136.25
2024-11-08 00:13:31,945 - INFO - Wave 1: Refinement candidate 2/5 with 8000 combinations.
2024-11-08 00:13:32,109 - INFO - Wave 1: Refinement Progress: 100.00%, Best Score So Far: 641136.25
2024-11-08 00:13:32,110 - INFO - Wave 1: Refinement candidate 3/5 with 8000 combinations.
2024-11-08 00:13:32,281 - INFO - Wave 1: Refinement Progress: 100.00%, Best Score So Far: 641136.25
2024-11-08 00:13:32,281 - INFO - Wave 1: Refinement candidate 4/5 with 8000 combinations.
2024-11-08 00:13:32,448 - INFO - Wave 1: Refinement Progress: 100.00%, Best Score So Far: 641136.25
2024-11-08 00:13:32,448 - INFO - Wave 1: Refinement candidate 5/5 with 8000 combinations.
2024-11-08 00:13:32,612 - INFO - Wave 1: Refinement Progress: 100.00%, Best Score So Far: 641136.25
2024-11-08 00:13:32,613 - INFO - Wave 1: Completed refinement phase with best score: 641136.25
2024-11-08 00:13:32,784 - INFO - Wave 1: Best score: 641136.25
2024-11-08 00:13:32,784 - INFO - Starting discovery of wave 2
2024-11-08 00:13:32,784 - INFO - Using fast step size based on difference: 1367.03
2024-11-08 00:13:32,785 - INFO - Wave 2: Starting brute-force search with one sine wave.
2024-11-08 00:13:32,785 - INFO - Total combinations to evaluate: 5355
2024-11-08 00:13:32,785 - INFO - Processing parameter combinations in 1 chunks of size 5355.
2024-11-08 00:13:32,988 - INFO - Wave 2: Progress: 100.00%, Best Score So Far: 640359.75
2024-11-08 00:13:32,988 - INFO - Wave 2: Completed brute-force search with best score: 640359.75
2024-11-08 00:13:32,989 - INFO - Wave 2: Starting refinement phase.
2024-11-08 00:13:32,990 - INFO - Wave 2: Refinement candidate 1/5 with 8000 combinations.
2024-11-08 00:13:33,154 - INFO - Wave 2: Refinement Progress: 100.00%, Best Score So Far: 640025.375
2024-11-08 00:13:33,154 - INFO - Wave 2: Refinement candidate 2/5 with 8000 combinations.
2024-11-08 00:13:33,317 - INFO - Wave 2: Refinement Progress: 100.00%, Best Score So Far: 640025.375
2024-11-08 00:13:33,318 - INFO - Wave 2: Refinement candidate 3/5 with 8000 combinations.
2024-11-08 00:13:33,481 - INFO - Wave 2: Refinement Progress: 100.00%, Best Score So Far: 629155.25
2024-11-08 00:13:33,481 - INFO - Wave 2: Refinement candidate 4/5 with 8000 combinations.
2024-11-08 00:13:33,645 - INFO - Wave 2: Refinement Progress: 100.00%, Best Score So Far: 629155.25
2024-11-08 00:13:33,646 - INFO - Wave 2: Refinement candidate 5/5 with 8000 combinations.
2024-11-08 00:13:33,809 - INFO - Wave 2: Refinement Progress: 100.00%, Best Score So Far: 629155.25
2024-11-08 00:13:33,809 - INFO - Wave 2: Completed refinement phase with best score: 629155.25
2024-11-08 00:13:33,973 - INFO - Wave 2: Best score: 629155.25
2024-11-08 00:13:33,973 - INFO - Starting discovery of wave 3
2024-11-08 00:13:33,974 - INFO - Using fast step size based on difference: 1341.48
2024-11-08 00:13:33,974 - INFO - Wave 3: Starting brute-force search with one sine wave.
2024-11-08 00:13:33,974 - INFO - Total combinations to evaluate: 5355
2024-11-08 00:13:33,974 - INFO - Processing parameter combinations in 1 chunks of size 5355.
2024-11-08 00:13:34,138 - INFO - Wave 3: Progress: 100.00%, Best Score So Far: 623672.75
2024-11-08 00:13:34,139 - INFO - Wave 3: Completed brute-force search with best score: 623672.75
2024-11-08 00:13:34,139 - INFO - Wave 3: Starting refinement phase.
2024-11-08 00:13:34,141 - INFO - Wave 3: Refinement candidate 1/5 with 8000 combinations.
2024-11-08 00:13:34,304 - INFO - Wave 3: Refinement Progress: 100.00%, Best Score So Far: 623098.5
2024-11-08 00:13:34,305 - INFO - Wave 3: Refinement candidate 2/5 with 8000 combinations.
2024-11-08 00:13:34,468 - INFO - Wave 3: Refinement Progress: 100.00%, Best Score So Far: 622935.0625
2024-11-08 00:13:34,469 - INFO - Wave 3: Refinement candidate 3/5 with 8000 combinations.
2024-11-08 00:13:34,632 - INFO - Wave 3: Refinement Progress: 100.00%, Best Score So Far: 622915.0625
2024-11-08 00:13:34,633 - INFO - Wave 3: Refinement candidate 4/5 with 8000 combinations.
2024-11-08 00:13:34,796 - INFO - Wave 3: Refinement Progress: 100.00%, Best Score So Far: 622915.0625
2024-11-08 00:13:34,796 - INFO - Wave 3: Refinement candidate 5/5 with 8000 combinations.
2024-11-08 00:13:34,962 - INFO - Wave 3: Refinement Progress: 100.00%, Best Score So Far: 622915.0625
2024-11-08 00:13:34,962 - INFO - Wave 3: Completed refinement phase with best score: 622915.0625
2024-11-08 00:13:35,125 - INFO - Wave 3: Best score: 622915.0625
2024-11-08 00:13:35,125 - INFO - Reached the specified wave count of 3. Exiting.
