2024-11-08 00:15:31,608 - INFO - Sines is Starting
2024-11-08 00:15:31,649 - INFO - Using device: Quadro 6000
2024-11-08 00:15:31,649 - INFO - Max work group size: 1024
2024-11-08 00:15:31,649 - INFO - Device Max Work Group Size: 1024
2024-11-08 00:15:31,649 - INFO - Device Max Memory Allocation Size: 1590149120 bytes
2024-11-08 00:15:31,717 - INFO - Loaded data from CSV file: sample_data/sunspots/SN_d_tot_V2.0.csv
2024-11-08 00:15:31,721 - INFO - Loaded data statistics:
2024-11-08 00:15:31,721 - INFO -   Number of data points: 75545
2024-11-08 00:15:31,722 - INFO -   Max value: 372.44444444444446
2024-11-08 00:15:31,722 - INFO -   Min value: -1.0
2024-11-08 00:15:31,722 - INFO -   Mean value: 79.1225758537628
2024-11-08 00:15:31,722 - INFO -   Start date: 1818-01-01 00:00:00
2024-11-08 00:15:31,722 - INFO -   End date: 2024-10-31 00:00:00
2024-11-08 00:15:31,990 - INFO - Starting discovery of wave 1
2024-11-08 00:15:31,991 - INFO - Using fine step size based on difference: 79.13
2024-11-08 00:15:31,991 - INFO - Wave 1: Starting brute-force search with one sine wave.
2024-11-08 00:15:32,002 - INFO - Total combinations to evaluate: 623700
2024-11-08 00:15:32,002 - INFO - Processing parameter combinations in 10 chunks of size 65536.
2024-11-08 00:15:32,951 - INFO - Wave 1: Progress: 10.51%, Best Score So Far: 4778730.0
2024-11-08 00:15:38,329 - INFO - Wave 1: Completed brute-force search with best score: 3600161.0
2024-11-08 00:15:38,331 - INFO - Wave 1: Starting refinement phase.
2024-11-08 00:15:38,332 - INFO - Wave 1: Refinement candidate 1/5 with 8000 combinations.
2024-11-08 00:15:38,741 - INFO - Wave 1: Refinement Progress: 100.00%, Best Score So Far: 3554639.75
2024-11-08 00:15:38,742 - INFO - Wave 1: Refinement candidate 2/5 with 8000 combinations.
2024-11-08 00:15:39,148 - INFO - Wave 1: Refinement Progress: 100.00%, Best Score So Far: 3554639.75
2024-11-08 00:15:39,149 - INFO - Wave 1: Refinement candidate 3/5 with 8000 combinations.
2024-11-08 00:15:39,591 - INFO - Wave 1: Refinement Progress: 100.00%, Best Score So Far: 3543679.25
2024-11-08 00:15:39,591 - INFO - Wave 1: Refinement candidate 4/5 with 8000 combinations.
2024-11-08 00:15:39,994 - INFO - Wave 1: Refinement Progress: 100.00%, Best Score So Far: 3543679.25
2024-11-08 00:15:39,995 - INFO - Wave 1: Refinement candidate 5/5 with 8000 combinations.
2024-11-08 00:15:40,399 - INFO - Wave 1: Refinement Progress: 100.00%, Best Score So Far: 3542200.0
2024-11-08 00:15:40,400 - INFO - Wave 1: Completed refinement phase with best score: 3542200.0
2024-11-08 00:15:40,698 - INFO - Wave 1: Best score: 3542200.0
2024-11-08 00:15:40,698 - INFO - Starting discovery of wave 2
2024-11-08 00:15:40,698 - INFO - Using fine step size based on difference: 97.50
2024-11-08 00:15:40,698 - INFO - Wave 2: Starting brute-force search with one sine wave.
2024-11-08 00:15:40,712 - INFO - Total combinations to evaluate: 623700
2024-11-08 00:15:40,713 - INFO - Processing parameter combinations in 10 chunks of size 65536.
2024-11-08 00:15:41,566 - INFO - Wave 2: Progress: 10.51%, Best Score So Far: 3181512.75
2024-11-08 00:15:46,942 - INFO - Wave 2: Completed brute-force search with best score: 3160577.25
2024-11-08 00:15:46,943 - INFO - Wave 2: Starting refinement phase.
2024-11-08 00:15:46,944 - INFO - Wave 2: Refinement candidate 1/5 with 8000 combinations.
2024-11-08 00:15:47,347 - INFO - Wave 2: Refinement Progress: 100.00%, Best Score So Far: 3160769.25
2024-11-08 00:15:47,348 - INFO - Wave 2: Refinement candidate 2/5 with 8000 combinations.
2024-11-08 00:15:47,750 - INFO - Wave 2: Refinement Progress: 100.00%, Best Score So Far: 3160756.75
2024-11-08 00:15:47,751 - INFO - Wave 2: Refinement candidate 3/5 with 8000 combinations.
2024-11-08 00:15:48,155 - INFO - Wave 2: Refinement Progress: 100.00%, Best Score So Far: 3160756.75
2024-11-08 00:15:48,155 - INFO - Wave 2: Refinement candidate 4/5 with 8000 combinations.
2024-11-08 00:15:48,558 - INFO - Wave 2: Refinement Progress: 100.00%, Best Score So Far: 3160756.75
2024-11-08 00:15:48,559 - INFO - Wave 2: Refinement candidate 5/5 with 8000 combinations.
2024-11-08 00:15:48,962 - INFO - Wave 2: Refinement Progress: 100.00%, Best Score So Far: 3160756.75
2024-11-08 00:15:48,962 - INFO - Wave 2: Completed refinement phase with best score: 3160756.75
2024-11-08 00:15:49,257 - INFO - Wave 2: Best score: 3160756.75
2024-11-08 00:15:49,257 - INFO - Starting discovery of wave 3
2024-11-08 00:15:49,257 - INFO - Using fine step size based on difference: 93.11
2024-11-08 00:15:49,257 - INFO - Wave 3: Starting brute-force search with one sine wave.
2024-11-08 00:15:49,270 - INFO - Total combinations to evaluate: 623700
2024-11-08 00:15:49,270 - INFO - Processing parameter combinations in 10 chunks of size 65536.
2024-11-08 00:15:50,124 - INFO - Wave 3: Progress: 10.51%, Best Score So Far: 2863478.25
2024-11-08 00:15:55,502 - INFO - Wave 3: Completed brute-force search with best score: 2862982.0
2024-11-08 00:15:55,503 - INFO - Wave 3: Starting refinement phase.
2024-11-08 00:15:55,504 - INFO - Wave 3: Refinement candidate 1/5 with 8000 combinations.
2024-11-08 00:15:55,908 - INFO - Wave 3: Refinement Progress: 100.00%, Best Score So Far: 2860319.0
2024-11-08 00:15:55,909 - INFO - Wave 3: Refinement candidate 2/5 with 8000 combinations.
2024-11-08 00:15:56,312 - INFO - Wave 3: Refinement Progress: 100.00%, Best Score So Far: 2860319.0
2024-11-08 00:15:56,313 - INFO - Wave 3: Refinement candidate 3/5 with 8000 combinations.
2024-11-08 00:15:56,718 - INFO - Wave 3: Refinement Progress: 100.00%, Best Score So Far: 2857743.25
2024-11-08 00:15:56,718 - INFO - Wave 3: Refinement candidate 4/5 with 8000 combinations.
2024-11-08 00:15:57,121 - INFO - Wave 3: Refinement Progress: 100.00%, Best Score So Far: 2857743.25
2024-11-08 00:15:57,122 - INFO - Wave 3: Refinement candidate 5/5 with 8000 combinations.
2024-11-08 00:15:57,524 - INFO - Wave 3: Refinement Progress: 100.00%, Best Score So Far: 2857743.25
2024-11-08 00:15:57,524 - INFO - Wave 3: Completed refinement phase with best score: 2857743.25
2024-11-08 00:15:57,820 - INFO - Wave 3: Best score: 2857743.25
2024-11-08 00:15:57,820 - INFO - Starting discovery of wave 4
2024-11-08 00:15:57,820 - INFO - Using fine step size based on difference: 90.58
2024-11-08 00:15:57,821 - INFO - Wave 4: Starting brute-force search with one sine wave.
2024-11-08 00:15:57,834 - INFO - Total combinations to evaluate: 623700
2024-11-08 00:15:57,834 - INFO - Processing parameter combinations in 10 chunks of size 65536.
2024-11-08 00:15:58,689 - INFO - Wave 4: Progress: 10.51%, Best Score So Far: 2670779.0
2024-11-08 00:16:04,066 - INFO - Wave 4: Completed brute-force search with best score: 2670779.0
2024-11-08 00:16:04,067 - INFO - Wave 4: Starting refinement phase.
2024-11-08 00:16:04,068 - INFO - Wave 4: Refinement candidate 1/5 with 8000 combinations.
2024-11-08 00:16:04,471 - INFO - Wave 4: Refinement Progress: 100.00%, Best Score So Far: 2663516.75
2024-11-08 00:16:04,472 - INFO - Wave 4: Refinement candidate 2/5 with 8000 combinations.
2024-11-08 00:16:04,874 - INFO - Wave 4: Refinement Progress: 100.00%, Best Score So Far: 2661444.25
2024-11-08 00:16:04,874 - INFO - Wave 4: Refinement candidate 3/5 with 8000 combinations.
2024-11-08 00:16:05,276 - INFO - Wave 4: Refinement Progress: 100.00%, Best Score So Far: 2661444.25
2024-11-08 00:16:05,277 - INFO - Wave 4: Refinement candidate 4/5 with 8000 combinations.
2024-11-08 00:16:05,718 - INFO - Wave 4: Refinement Progress: 100.00%, Best Score So Far: 2660608.0
2024-11-08 00:16:05,718 - INFO - Wave 4: Refinement candidate 5/5 with 8000 combinations.
2024-11-08 00:16:06,119 - INFO - Wave 4: Refinement Progress: 100.00%, Best Score So Far: 2660608.0
2024-11-08 00:16:06,119 - INFO - Wave 4: Completed refinement phase with best score: 2660608.0
2024-11-08 00:16:06,416 - INFO - Wave 4: Best score: 2660608.0
2024-11-08 00:16:06,416 - INFO - Starting discovery of wave 5
2024-11-08 00:16:06,417 - INFO - Using fine step size based on difference: 89.08
2024-11-08 00:16:06,417 - INFO - Wave 5: Starting brute-force search with one sine wave.
2024-11-08 00:16:06,427 - INFO - Total combinations to evaluate: 623700
2024-11-08 00:16:06,427 - INFO - Processing parameter combinations in 10 chunks of size 65536.
2024-11-08 00:16:07,278 - INFO - Wave 5: Progress: 10.51%, Best Score So Far: 2595528.75
2024-11-08 00:16:12,651 - INFO - Wave 5: Completed brute-force search with best score: 2595528.75
2024-11-08 00:16:12,652 - INFO - Wave 5: Starting refinement phase.
2024-11-08 00:16:12,654 - INFO - Wave 5: Refinement candidate 1/5 with 8000 combinations.
2024-11-08 00:16:13,058 - INFO - Wave 5: Refinement Progress: 100.00%, Best Score So Far: 2595463.75
2024-11-08 00:16:13,058 - INFO - Wave 5: Refinement candidate 2/5 with 8000 combinations.
2024-11-08 00:16:13,460 - INFO - Wave 5: Refinement Progress: 100.00%, Best Score So Far: 2595463.75
2024-11-08 00:16:13,460 - INFO - Wave 5: Refinement candidate 3/5 with 8000 combinations.
2024-11-08 00:16:13,866 - INFO - Wave 5: Refinement Progress: 100.00%, Best Score So Far: 2595463.75
2024-11-08 00:16:13,867 - INFO - Wave 5: Refinement candidate 4/5 with 8000 combinations.
2024-11-08 00:16:14,270 - INFO - Wave 5: Refinement Progress: 100.00%, Best Score So Far: 2595462.5
2024-11-08 00:16:14,271 - INFO - Wave 5: Refinement candidate 5/5 with 8000 combinations.
2024-11-08 00:16:14,672 - INFO - Wave 5: Refinement Progress: 100.00%, Best Score So Far: 2595462.5
2024-11-08 00:16:14,672 - INFO - Wave 5: Completed refinement phase with best score: 2595462.5
2024-11-08 00:16:14,967 - INFO - Wave 5: Best score: 2595462.5
2024-11-08 00:16:14,967 - INFO - Starting discovery of wave 6
2024-11-08 00:16:14,968 - INFO - Using fine step size based on difference: 88.50
2024-11-08 00:16:14,968 - INFO - Wave 6: Starting brute-force search with one sine wave.
2024-11-08 00:16:14,977 - INFO - Total combinations to evaluate: 623700
2024-11-08 00:16:14,977 - INFO - Processing parameter combinations in 10 chunks of size 65536.
2024-11-08 00:16:15,828 - INFO - Wave 6: Progress: 10.51%, Best Score So Far: 2529932.25
2024-11-08 00:16:21,202 - INFO - Wave 6: Completed brute-force search with best score: 2529932.25
2024-11-08 00:16:21,203 - INFO - Wave 6: Starting refinement phase.
2024-11-08 00:16:21,204 - INFO - Wave 6: Refinement candidate 1/5 with 8000 combinations.
2024-11-08 00:16:21,607 - INFO - Wave 6: Refinement Progress: 100.00%, Best Score So Far: 2528513.25
2024-11-08 00:16:21,607 - INFO - Wave 6: Refinement candidate 2/5 with 8000 combinations.
2024-11-08 00:16:22,009 - INFO - Wave 6: Refinement Progress: 100.00%, Best Score So Far: 2528006.0
2024-11-08 00:16:22,010 - INFO - Wave 6: Refinement candidate 3/5 with 8000 combinations.
2024-11-08 00:16:22,412 - INFO - Wave 6: Refinement Progress: 100.00%, Best Score So Far: 2528006.0
2024-11-08 00:16:22,413 - INFO - Wave 6: Refinement candidate 4/5 with 8000 combinations.
2024-11-08 00:16:22,816 - INFO - Wave 6: Refinement Progress: 100.00%, Best Score So Far: 2527774.5
2024-11-08 00:16:22,817 - INFO - Wave 6: Refinement candidate 5/5 with 8000 combinations.
2024-11-08 00:16:23,220 - INFO - Wave 6: Refinement Progress: 100.00%, Best Score So Far: 2527774.5
2024-11-08 00:16:23,220 - INFO - Wave 6: Completed refinement phase with best score: 2527774.5
2024-11-08 00:16:23,516 - INFO - Wave 6: Best score: 2527774.5
2024-11-08 00:16:23,516 - INFO - Starting discovery of wave 7
2024-11-08 00:16:23,517 - INFO - Using fine step size based on difference: 87.67
2024-11-08 00:16:23,517 - INFO - Wave 7: Starting brute-force search with one sine wave.
2024-11-08 00:16:23,526 - INFO - Total combinations to evaluate: 623700
2024-11-08 00:16:23,527 - INFO - Processing parameter combinations in 10 chunks of size 65536.
2024-11-08 00:16:24,377 - INFO - Wave 7: Progress: 10.51%, Best Score So Far: 2481496.75
2024-11-08 00:16:29,750 - INFO - Wave 7: Completed brute-force search with best score: 2481496.75
2024-11-08 00:16:29,750 - INFO - Wave 7: Starting refinement phase.
2024-11-08 00:16:29,752 - INFO - Wave 7: Refinement candidate 1/5 with 8000 combinations.
2024-11-08 00:16:30,153 - INFO - Wave 7: Refinement Progress: 100.00%, Best Score So Far: 2485697.25
2024-11-08 00:16:30,154 - INFO - Wave 7: Refinement candidate 2/5 with 8000 combinations.
2024-11-08 00:16:30,555 - INFO - Wave 7: Refinement Progress: 100.00%, Best Score So Far: 2485658.75
2024-11-08 00:16:30,556 - INFO - Wave 7: Refinement candidate 3/5 with 8000 combinations.
2024-11-08 00:16:30,956 - INFO - Wave 7: Refinement Progress: 100.00%, Best Score So Far: 2485658.75
2024-11-08 00:16:30,957 - INFO - Wave 7: Refinement candidate 4/5 with 8000 combinations.
2024-11-08 00:16:31,358 - INFO - Wave 7: Refinement Progress: 100.00%, Best Score So Far: 2485606.5
2024-11-08 00:16:31,358 - INFO - Wave 7: Refinement candidate 5/5 with 8000 combinations.
2024-11-08 00:16:31,759 - INFO - Wave 7: Refinement Progress: 100.00%, Best Score So Far: 2485606.5
2024-11-08 00:16:31,760 - INFO - Wave 7: Completed refinement phase with best score: 2485606.5
2024-11-08 00:16:32,055 - INFO - Wave 7: Best score: 2485606.5
2024-11-08 00:16:32,055 - INFO - Starting discovery of wave 8
2024-11-08 00:16:32,056 - INFO - Using fine step size based on difference: 88.02
2024-11-08 00:16:32,056 - INFO - Wave 8: Starting brute-force search with one sine wave.
2024-11-08 00:16:32,071 - INFO - Total combinations to evaluate: 623700
2024-11-08 00:16:32,071 - INFO - Processing parameter combinations in 10 chunks of size 65536.
2024-11-08 00:16:32,962 - INFO - Wave 8: Progress: 10.51%, Best Score So Far: 2433668.25
2024-11-08 00:16:38,332 - INFO - Wave 8: Completed brute-force search with best score: 2433668.25
2024-11-08 00:16:38,333 - INFO - Wave 8: Starting refinement phase.
2024-11-08 00:16:38,334 - INFO - Wave 8: Refinement candidate 1/5 with 8000 combinations.
2024-11-08 00:16:38,737 - INFO - Wave 8: Refinement Progress: 100.00%, Best Score So Far: 2430580.75
2024-11-08 00:16:38,737 - INFO - Wave 8: Refinement candidate 2/5 with 8000 combinations.
2024-11-08 00:16:39,139 - INFO - Wave 8: Refinement Progress: 100.00%, Best Score So Far: 2429678.5
2024-11-08 00:16:39,139 - INFO - Wave 8: Refinement candidate 3/5 with 8000 combinations.
2024-11-08 00:16:39,540 - INFO - Wave 8: Refinement Progress: 100.00%, Best Score So Far: 2429678.5
2024-11-08 00:16:39,541 - INFO - Wave 8: Refinement candidate 4/5 with 8000 combinations.
2024-11-08 00:16:39,944 - INFO - Wave 8: Refinement Progress: 100.00%, Best Score So Far: 2428836.5
2024-11-08 00:16:39,944 - INFO - Wave 8: Refinement candidate 5/5 with 8000 combinations.
2024-11-08 00:16:40,345 - INFO - Wave 8: Refinement Progress: 100.00%, Best Score So Far: 2428836.5
2024-11-08 00:16:40,345 - INFO - Wave 8: Completed refinement phase with best score: 2428836.5
2024-11-08 00:16:40,639 - INFO - Wave 8: Best score: 2428836.5
2024-11-08 00:16:40,639 - INFO - Starting discovery of wave 9
2024-11-08 00:16:40,640 - INFO - Using fine step size based on difference: 88.23
2024-11-08 00:16:40,640 - INFO - Wave 9: Starting brute-force search with one sine wave.
2024-11-08 00:16:40,650 - INFO - Total combinations to evaluate: 623700
2024-11-08 00:16:40,650 - INFO - Processing parameter combinations in 10 chunks of size 65536.
2024-11-08 00:16:41,501 - INFO - Wave 9: Progress: 10.51%, Best Score So Far: 2365554.25
2024-11-08 00:16:46,872 - INFO - Wave 9: Completed brute-force search with best score: 2365554.25
2024-11-08 00:16:46,873 - INFO - Wave 9: Starting refinement phase.
2024-11-08 00:16:46,875 - INFO - Wave 9: Refinement candidate 1/5 with 8000 combinations.
2024-11-08 00:16:47,278 - INFO - Wave 9: Refinement Progress: 100.00%, Best Score So Far: 2368595.25
2024-11-08 00:16:47,278 - INFO - Wave 9: Refinement candidate 2/5 with 8000 combinations.
2024-11-08 00:16:47,680 - INFO - Wave 9: Refinement Progress: 100.00%, Best Score So Far: 2368181.25
2024-11-08 00:16:47,681 - INFO - Wave 9: Refinement candidate 3/5 with 8000 combinations.
2024-11-08 00:16:48,082 - INFO - Wave 9: Refinement Progress: 100.00%, Best Score So Far: 2368181.25
2024-11-08 00:16:48,083 - INFO - Wave 9: Refinement candidate 4/5 with 8000 combinations.
2024-11-08 00:16:48,482 - INFO - Wave 9: Refinement Progress: 100.00%, Best Score So Far: 2367791.75
2024-11-08 00:16:48,483 - INFO - Wave 9: Refinement candidate 5/5 with 8000 combinations.
2024-11-08 00:16:48,887 - INFO - Wave 9: Refinement Progress: 100.00%, Best Score So Far: 2367791.75
2024-11-08 00:16:48,887 - INFO - Wave 9: Completed refinement phase with best score: 2367791.75
2024-11-08 00:16:49,181 - INFO - Wave 9: Best score: 2367791.75
2024-11-08 00:16:49,181 - INFO - Starting discovery of wave 10
2024-11-08 00:16:49,181 - INFO - Using fine step size based on difference: 87.61
2024-11-08 00:16:49,182 - INFO - Wave 10: Starting brute-force search with one sine wave.
2024-11-08 00:16:49,191 - INFO - Total combinations to evaluate: 623700
2024-11-08 00:16:49,191 - INFO - Processing parameter combinations in 10 chunks of size 65536.
2024-11-08 00:16:50,043 - INFO - Wave 10: Progress: 10.51%, Best Score So Far: 2330390.75
2024-11-08 00:16:55,413 - INFO - Wave 10: Completed brute-force search with best score: 2330390.75
2024-11-08 00:16:55,414 - INFO - Wave 10: Starting refinement phase.
2024-11-08 00:16:55,416 - INFO - Wave 10: Refinement candidate 1/5 with 8000 combinations.
2024-11-08 00:16:55,818 - INFO - Wave 10: Refinement Progress: 100.00%, Best Score So Far: 2332956.0
2024-11-08 00:16:55,818 - INFO - Wave 10: Refinement candidate 2/5 with 8000 combinations.
2024-11-08 00:16:56,219 - INFO - Wave 10: Refinement Progress: 100.00%, Best Score So Far: 2332956.0
2024-11-08 00:16:56,219 - INFO - Wave 10: Refinement candidate 3/5 with 8000 combinations.
2024-11-08 00:16:56,620 - INFO - Wave 10: Refinement Progress: 100.00%, Best Score So Far: 2332956.0
2024-11-08 00:16:56,621 - INFO - Wave 10: Refinement candidate 4/5 with 8000 combinations.
2024-11-08 00:16:57,021 - INFO - Wave 10: Refinement Progress: 100.00%, Best Score So Far: 2332956.0
2024-11-08 00:16:57,022 - INFO - Wave 10: Refinement candidate 5/5 with 8000 combinations.
2024-11-08 00:16:57,423 - INFO - Wave 10: Refinement Progress: 100.00%, Best Score So Far: 2332956.0
2024-11-08 00:16:57,423 - INFO - Wave 10: Completed refinement phase with best score: 2332956.0
2024-11-08 00:16:57,719 - INFO - Wave 10: Best score: 2332956.0
2024-11-08 00:16:57,719 - INFO - Starting discovery of wave 11
2024-11-08 00:16:57,720 - INFO - Using fine step size based on difference: 87.23
2024-11-08 00:16:57,720 - INFO - Wave 11: Starting brute-force search with one sine wave.
2024-11-08 00:16:57,729 - INFO - Total combinations to evaluate: 623700
2024-11-08 00:16:57,729 - INFO - Processing parameter combinations in 10 chunks of size 65536.
2024-11-08 00:16:58,579 - INFO - Wave 11: Progress: 10.51%, Best Score So Far: 2302720.75
2024-11-08 00:17:03,953 - INFO - Wave 11: Completed brute-force search with best score: 2302720.75
2024-11-08 00:17:03,954 - INFO - Wave 11: Starting refinement phase.
2024-11-08 00:17:03,955 - INFO - Wave 11: Refinement candidate 1/5 with 8000 combinations.
2024-11-08 00:17:04,395 - INFO - Wave 11: Refinement Progress: 100.00%, Best Score So Far: 2302705.0
2024-11-08 00:17:04,396 - INFO - Wave 11: Refinement candidate 2/5 with 8000 combinations.
2024-11-08 00:17:04,798 - INFO - Wave 11: Refinement Progress: 100.00%, Best Score So Far: 2302705.0
2024-11-08 00:17:04,799 - INFO - Wave 11: Refinement candidate 3/5 with 8000 combinations.
2024-11-08 00:17:05,200 - INFO - Wave 11: Refinement Progress: 100.00%, Best Score So Far: 2302704.0
2024-11-08 00:17:05,201 - INFO - Wave 11: Refinement candidate 4/5 with 8000 combinations.
2024-11-08 00:17:05,601 - INFO - Wave 11: Refinement Progress: 100.00%, Best Score So Far: 2302704.0
2024-11-08 00:17:05,602 - INFO - Wave 11: Refinement candidate 5/5 with 8000 combinations.
2024-11-08 00:17:06,002 - INFO - Wave 11: Refinement Progress: 100.00%, Best Score So Far: 2302685.0
2024-11-08 00:17:06,002 - INFO - Wave 11: Completed refinement phase with best score: 2302685.0
2024-11-08 00:17:06,295 - INFO - Wave 11: Best score: 2302685.0
2024-11-08 00:17:06,296 - INFO - Starting discovery of wave 12
2024-11-08 00:17:06,296 - INFO - Using fine step size based on difference: 86.81
2024-11-08 00:17:06,296 - INFO - Wave 12: Starting brute-force search with one sine wave.
2024-11-08 00:17:06,306 - INFO - Total combinations to evaluate: 623700
2024-11-08 00:17:06,307 - INFO - Processing parameter combinations in 10 chunks of size 65536.
2024-11-08 00:17:07,158 - INFO - Wave 12: Progress: 10.51%, Best Score So Far: 2268338.0
2024-11-08 00:17:12,527 - INFO - Wave 12: Completed brute-force search with best score: 2268338.0
2024-11-08 00:17:12,528 - INFO - Wave 12: Starting refinement phase.
2024-11-08 00:17:12,529 - INFO - Wave 12: Refinement candidate 1/5 with 8000 combinations.
2024-11-08 00:17:12,929 - INFO - Wave 12: Refinement Progress: 100.00%, Best Score So Far: 2264737.25
2024-11-08 00:17:12,930 - INFO - Wave 12: Refinement candidate 2/5 with 8000 combinations.
2024-11-08 00:17:13,330 - INFO - Wave 12: Refinement Progress: 100.00%, Best Score So Far: 2264737.25
2024-11-08 00:17:13,331 - INFO - Wave 12: Refinement candidate 3/5 with 8000 combinations.
2024-11-08 00:17:13,734 - INFO - Wave 12: Refinement Progress: 100.00%, Best Score So Far: 2262823.5
2024-11-08 00:17:13,735 - INFO - Wave 12: Refinement candidate 4/5 with 8000 combinations.
2024-11-08 00:17:14,136 - INFO - Wave 12: Refinement Progress: 100.00%, Best Score So Far: 2262823.5
2024-11-08 00:17:14,137 - INFO - Wave 12: Refinement candidate 5/5 with 8000 combinations.
2024-11-08 00:17:14,538 - INFO - Wave 12: Refinement Progress: 100.00%, Best Score So Far: 2260875.75
2024-11-08 00:17:14,538 - INFO - Wave 12: Completed refinement phase with best score: 2260875.75
2024-11-08 00:17:14,832 - INFO - Wave 12: Best score: 2260875.75
2024-11-08 00:17:14,832 - INFO - Starting discovery of wave 13
2024-11-08 00:17:14,833 - INFO - Using fine step size based on difference: 82.89
2024-11-08 00:17:14,833 - INFO - Wave 13: Starting brute-force search with one sine wave.
2024-11-08 00:17:14,843 - INFO - Total combinations to evaluate: 623700
2024-11-08 00:17:14,843 - INFO - Processing parameter combinations in 10 chunks of size 65536.
2024-11-08 00:17:15,693 - INFO - Wave 13: Progress: 10.51%, Best Score So Far: 2225075.75
2024-11-08 00:17:21,071 - INFO - Wave 13: Completed brute-force search with best score: 2225075.75
2024-11-08 00:17:21,072 - INFO - Wave 13: Starting refinement phase.
2024-11-08 00:17:21,074 - INFO - Wave 13: Refinement candidate 1/5 with 8000 combinations.
2024-11-08 00:17:21,478 - INFO - Wave 13: Refinement Progress: 100.00%, Best Score So Far: 2221919.5
2024-11-08 00:17:21,479 - INFO - Wave 13: Refinement candidate 2/5 with 8000 combinations.
2024-11-08 00:17:21,880 - INFO - Wave 13: Refinement Progress: 100.00%, Best Score So Far: 2221919.5
2024-11-08 00:17:21,881 - INFO - Wave 13: Refinement candidate 3/5 with 8000 combinations.
2024-11-08 00:17:22,283 - INFO - Wave 13: Refinement Progress: 100.00%, Best Score So Far: 2221341.5
2024-11-08 00:17:22,284 - INFO - Wave 13: Refinement candidate 4/5 with 8000 combinations.
2024-11-08 00:17:22,685 - INFO - Wave 13: Refinement Progress: 100.00%, Best Score So Far: 2221341.5
2024-11-08 00:17:22,686 - INFO - Wave 13: Refinement candidate 5/5 with 8000 combinations.
2024-11-08 00:17:23,087 - INFO - Wave 13: Refinement Progress: 100.00%, Best Score So Far: 2220562.0
2024-11-08 00:17:23,087 - INFO - Wave 13: Completed refinement phase with best score: 2220562.0
2024-11-08 00:17:23,384 - INFO - Wave 13: Best score: 2220562.0
2024-11-08 00:17:23,384 - INFO - Starting discovery of wave 14
2024-11-08 00:17:23,385 - INFO - Using fine step size based on difference: 82.22
2024-11-08 00:17:23,385 - INFO - Wave 14: Starting brute-force search with one sine wave.
2024-11-08 00:17:23,395 - INFO - Total combinations to evaluate: 623700
2024-11-08 00:17:23,395 - INFO - Processing parameter combinations in 10 chunks of size 65536.
2024-11-08 00:17:24,245 - INFO - Wave 14: Progress: 10.51%, Best Score So Far: 2196183.25
2024-11-08 00:17:29,616 - INFO - Wave 14: Completed brute-force search with best score: 2196183.25
2024-11-08 00:17:29,617 - INFO - Wave 14: Starting refinement phase.
2024-11-08 00:17:29,619 - INFO - Wave 14: Refinement candidate 1/5 with 8000 combinations.
2024-11-08 00:17:30,021 - INFO - Wave 14: Refinement Progress: 100.00%, Best Score So Far: 2191870.25
2024-11-08 00:17:30,022 - INFO - Wave 14: Refinement candidate 2/5 with 8000 combinations.
2024-11-08 00:17:30,424 - INFO - Wave 14: Refinement Progress: 100.00%, Best Score So Far: 2191445.25
2024-11-08 00:17:30,425 - INFO - Wave 14: Refinement candidate 3/5 with 8000 combinations.
2024-11-08 00:17:30,826 - INFO - Wave 14: Refinement Progress: 100.00%, Best Score So Far: 2191445.25
2024-11-08 00:17:30,826 - INFO - Wave 14: Refinement candidate 4/5 with 8000 combinations.
2024-11-08 00:17:31,267 - INFO - Wave 14: Refinement Progress: 100.00%, Best Score So Far: 2191445.25
2024-11-08 00:17:31,267 - INFO - Wave 14: Refinement candidate 5/5 with 8000 combinations.
2024-11-08 00:17:31,668 - INFO - Wave 14: Refinement Progress: 100.00%, Best Score So Far: 2191150.5
2024-11-08 00:17:31,668 - INFO - Wave 14: Completed refinement phase with best score: 2191150.5
2024-11-08 00:17:31,962 - INFO - Wave 14: Best score: 2191150.5
2024-11-08 00:17:31,962 - INFO - Starting discovery of wave 15
2024-11-08 00:17:31,963 - INFO - Using fine step size based on difference: 81.84
2024-11-08 00:17:31,963 - INFO - Wave 15: Starting brute-force search with one sine wave.
2024-11-08 00:17:31,972 - INFO - Total combinations to evaluate: 623700
2024-11-08 00:17:31,972 - INFO - Processing parameter combinations in 10 chunks of size 65536.
2024-11-08 00:17:32,822 - INFO - Wave 15: Progress: 10.51%, Best Score So Far: 2171480.75
2024-11-08 00:17:38,193 - INFO - Wave 15: Completed brute-force search with best score: 2171480.75
2024-11-08 00:17:38,194 - INFO - Wave 15: Starting refinement phase.
2024-11-08 00:17:38,196 - INFO - Wave 15: Refinement candidate 1/5 with 8000 combinations.
2024-11-08 00:17:38,598 - INFO - Wave 15: Refinement Progress: 100.00%, Best Score So Far: 2169489.25
2024-11-08 00:17:38,599 - INFO - Wave 15: Refinement candidate 2/5 with 8000 combinations.
2024-11-08 00:17:38,999 - INFO - Wave 15: Refinement Progress: 100.00%, Best Score So Far: 2169489.25
2024-11-08 00:17:39,000 - INFO - Wave 15: Refinement candidate 3/5 with 8000 combinations.
2024-11-08 00:17:39,402 - INFO - Wave 15: Refinement Progress: 100.00%, Best Score So Far: 2169178.5
2024-11-08 00:17:39,403 - INFO - Wave 15: Refinement candidate 4/5 with 8000 combinations.
2024-11-08 00:17:39,804 - INFO - Wave 15: Refinement Progress: 100.00%, Best Score So Far: 2169178.5
2024-11-08 00:17:39,805 - INFO - Wave 15: Refinement candidate 5/5 with 8000 combinations.
2024-11-08 00:17:40,206 - INFO - Wave 15: Refinement Progress: 100.00%, Best Score So Far: 2168987.0
2024-11-08 00:17:40,206 - INFO - Wave 15: Completed refinement phase with best score: 2168987.0
2024-11-08 00:17:40,500 - INFO - Wave 15: Best score: 2168987.0
2024-11-08 00:17:40,500 - INFO - Starting discovery of wave 16
2024-11-08 00:17:40,501 - INFO - Using fine step size based on difference: 81.86
2024-11-08 00:17:40,501 - INFO - Wave 16: Starting brute-force search with one sine wave.
2024-11-08 00:17:40,511 - INFO - Total combinations to evaluate: 623700
2024-11-08 00:17:40,511 - INFO - Processing parameter combinations in 10 chunks of size 65536.
2024-11-08 00:17:41,363 - INFO - Wave 16: Progress: 10.51%, Best Score So Far: 2148361.0
2024-11-08 00:17:46,732 - INFO - Wave 16: Completed brute-force search with best score: 2148361.0
2024-11-08 00:17:46,733 - INFO - Wave 16: Starting refinement phase.
2024-11-08 00:17:46,735 - INFO - Wave 16: Refinement candidate 1/5 with 8000 combinations.
2024-11-08 00:17:47,138 - INFO - Wave 16: Refinement Progress: 100.00%, Best Score So Far: 2146851.0
2024-11-08 00:17:47,139 - INFO - Wave 16: Refinement candidate 2/5 with 8000 combinations.
2024-11-08 00:17:47,540 - INFO - Wave 16: Refinement Progress: 100.00%, Best Score So Far: 2146851.0
2024-11-08 00:17:47,541 - INFO - Wave 16: Refinement candidate 3/5 with 8000 combinations.
2024-11-08 00:17:47,943 - INFO - Wave 16: Refinement Progress: 100.00%, Best Score So Far: 2146786.75
2024-11-08 00:17:47,944 - INFO - Wave 16: Refinement candidate 4/5 with 8000 combinations.
2024-11-08 00:17:48,346 - INFO - Wave 16: Refinement Progress: 100.00%, Best Score So Far: 2146786.75
2024-11-08 00:17:48,347 - INFO - Wave 16: Refinement candidate 5/5 with 8000 combinations.
2024-11-08 00:17:48,751 - INFO - Wave 16: Refinement Progress: 100.00%, Best Score So Far: 2146737.5
2024-11-08 00:17:48,752 - INFO - Wave 16: Completed refinement phase with best score: 2146737.5
2024-11-08 00:17:49,047 - INFO - Wave 16: Best score: 2146737.5
2024-11-08 00:17:49,047 - INFO - Starting discovery of wave 17
2024-11-08 00:17:49,048 - INFO - Using fine step size based on difference: 81.73
2024-11-08 00:17:49,048 - INFO - Wave 17: Starting brute-force search with one sine wave.
2024-11-08 00:17:49,057 - INFO - Total combinations to evaluate: 623700
2024-11-08 00:17:49,057 - INFO - Processing parameter combinations in 10 chunks of size 65536.
2024-11-08 00:17:49,909 - INFO - Wave 17: Progress: 10.51%, Best Score So Far: 2129444.0
2024-11-08 00:17:55,284 - INFO - Wave 17: Completed brute-force search with best score: 2129444.0
2024-11-08 00:17:55,285 - INFO - Wave 17: Starting refinement phase.
2024-11-08 00:17:55,286 - INFO - Wave 17: Refinement candidate 1/5 with 8000 combinations.
2024-11-08 00:17:55,688 - INFO - Wave 17: Refinement Progress: 100.00%, Best Score So Far: 2129277.5
2024-11-08 00:17:55,689 - INFO - Wave 17: Refinement candidate 2/5 with 8000 combinations.
2024-11-08 00:17:56,091 - INFO - Wave 17: Refinement Progress: 100.00%, Best Score So Far: 2129277.5
2024-11-08 00:17:56,092 - INFO - Wave 17: Refinement candidate 3/5 with 8000 combinations.
2024-11-08 00:17:56,493 - INFO - Wave 17: Refinement Progress: 100.00%, Best Score So Far: 2129242.0
2024-11-08 00:17:56,494 - INFO - Wave 17: Refinement candidate 4/5 with 8000 combinations.
2024-11-08 00:17:56,895 - INFO - Wave 17: Refinement Progress: 100.00%, Best Score So Far: 2129242.0
2024-11-08 00:17:56,896 - INFO - Wave 17: Refinement candidate 5/5 with 8000 combinations.
2024-11-08 00:17:57,298 - INFO - Wave 17: Refinement Progress: 100.00%, Best Score So Far: 2129242.0
2024-11-08 00:17:57,299 - INFO - Wave 17: Completed refinement phase with best score: 2129242.0
2024-11-08 00:17:57,592 - INFO - Wave 17: Best score: 2129242.0
2024-11-08 00:17:57,593 - INFO - Starting discovery of wave 18
2024-11-08 00:17:57,593 - INFO - Using fine step size based on difference: 81.58
2024-11-08 00:17:57,593 - INFO - Wave 18: Starting brute-force search with one sine wave.
2024-11-08 00:17:57,602 - INFO - Total combinations to evaluate: 623700
2024-11-08 00:17:57,603 - INFO - Processing parameter combinations in 10 chunks of size 65536.
2024-11-08 00:17:58,493 - INFO - Wave 18: Progress: 10.51%, Best Score So Far: 2111112.25
2024-11-08 00:18:03,867 - INFO - Wave 18: Completed brute-force search with best score: 2111112.25
2024-11-08 00:18:03,868 - INFO - Wave 18: Starting refinement phase.
2024-11-08 00:18:03,869 - INFO - Wave 18: Refinement candidate 1/5 with 8000 combinations.
2024-11-08 00:18:04,272 - INFO - Wave 18: Refinement Progress: 100.00%, Best Score So Far: 2109984.5
2024-11-08 00:18:04,272 - INFO - Wave 18: Refinement candidate 2/5 with 8000 combinations.
2024-11-08 00:18:04,675 - INFO - Wave 18: Refinement Progress: 100.00%, Best Score So Far: 2109984.5
2024-11-08 00:18:04,676 - INFO - Wave 18: Refinement candidate 3/5 with 8000 combinations.
2024-11-08 00:18:05,078 - INFO - Wave 18: Refinement Progress: 100.00%, Best Score So Far: 2109829.0
2024-11-08 00:18:05,078 - INFO - Wave 18: Refinement candidate 4/5 with 8000 combinations.
2024-11-08 00:18:05,481 - INFO - Wave 18: Refinement Progress: 100.00%, Best Score So Far: 2109829.0
2024-11-08 00:18:05,482 - INFO - Wave 18: Refinement candidate 5/5 with 8000 combinations.
2024-11-08 00:18:05,884 - INFO - Wave 18: Refinement Progress: 100.00%, Best Score So Far: 2109450.75
2024-11-08 00:18:05,884 - INFO - Wave 18: Completed refinement phase with best score: 2109450.75
2024-11-08 00:18:06,180 - INFO - Wave 18: Best score: 2109450.75
2024-11-08 00:18:06,180 - INFO - Starting discovery of wave 19
2024-11-08 00:18:06,180 - INFO - Using fine step size based on difference: 81.45
2024-11-08 00:18:06,180 - INFO - Wave 19: Starting brute-force search with one sine wave.
2024-11-08 00:18:06,189 - INFO - Total combinations to evaluate: 623700
2024-11-08 00:18:06,189 - INFO - Processing parameter combinations in 10 chunks of size 65536.
2024-11-08 00:18:07,041 - INFO - Wave 19: Progress: 10.51%, Best Score So Far: 2094372.0
2024-11-08 00:18:12,413 - INFO - Wave 19: Completed brute-force search with best score: 2094372.0
2024-11-08 00:18:12,414 - INFO - Wave 19: Starting refinement phase.
2024-11-08 00:18:12,416 - INFO - Wave 19: Refinement candidate 1/5 with 8000 combinations.
2024-11-08 00:18:12,818 - INFO - Wave 19: Refinement Progress: 100.00%, Best Score So Far: 2094808.75
2024-11-08 00:18:12,818 - INFO - Wave 19: Refinement candidate 2/5 with 8000 combinations.
2024-11-08 00:18:13,221 - INFO - Wave 19: Refinement Progress: 100.00%, Best Score So Far: 2094510.625
2024-11-08 00:18:13,222 - INFO - Wave 19: Refinement candidate 3/5 with 8000 combinations.
2024-11-08 00:18:13,624 - INFO - Wave 19: Refinement Progress: 100.00%, Best Score So Far: 2094510.625
2024-11-08 00:18:13,625 - INFO - Wave 19: Refinement candidate 4/5 with 8000 combinations.
2024-11-08 00:18:14,027 - INFO - Wave 19: Refinement Progress: 100.00%, Best Score So Far: 2094510.625
2024-11-08 00:18:14,027 - INFO - Wave 19: Refinement candidate 5/5 with 8000 combinations.
2024-11-08 00:18:14,429 - INFO - Wave 19: Refinement Progress: 100.00%, Best Score So Far: 2094104.75
2024-11-08 00:18:14,429 - INFO - Wave 19: Completed refinement phase with best score: 2094104.75
2024-11-08 00:18:14,725 - INFO - Wave 19: Best score: 2094104.75
2024-11-08 00:18:14,725 - INFO - Starting discovery of wave 20
2024-11-08 00:18:14,725 - INFO - Using fine step size based on difference: 81.92
2024-11-08 00:18:14,726 - INFO - Wave 20: Starting brute-force search with one sine wave.
2024-11-08 00:18:14,735 - INFO - Total combinations to evaluate: 623700
2024-11-08 00:18:14,735 - INFO - Processing parameter combinations in 10 chunks of size 65536.
2024-11-08 00:18:15,588 - INFO - Wave 20: Progress: 10.51%, Best Score So Far: 2081406.75
2024-11-08 00:18:20,962 - INFO - Wave 20: Completed brute-force search with best score: 2081406.75
2024-11-08 00:18:20,962 - INFO - Wave 20: Starting refinement phase.
2024-11-08 00:18:20,964 - INFO - Wave 20: Refinement candidate 1/5 with 8000 combinations.
2024-11-08 00:18:21,367 - INFO - Wave 20: Refinement Progress: 100.00%, Best Score So Far: 2084101.75
2024-11-08 00:18:21,368 - INFO - Wave 20: Refinement candidate 2/5 with 8000 combinations.
2024-11-08 00:18:21,769 - INFO - Wave 20: Refinement Progress: 100.00%, Best Score So Far: 2084101.75
2024-11-08 00:18:21,770 - INFO - Wave 20: Refinement candidate 3/5 with 8000 combinations.
2024-11-08 00:18:22,172 - INFO - Wave 20: Refinement Progress: 100.00%, Best Score So Far: 2084101.75
2024-11-08 00:18:22,173 - INFO - Wave 20: Refinement candidate 4/5 with 8000 combinations.
2024-11-08 00:18:22,574 - INFO - Wave 20: Refinement Progress: 100.00%, Best Score So Far: 2084101.75
2024-11-08 00:18:22,575 - INFO - Wave 20: Refinement candidate 5/5 with 8000 combinations.
2024-11-08 00:18:22,978 - INFO - Wave 20: Refinement Progress: 100.00%, Best Score So Far: 2084101.75
2024-11-08 00:18:22,978 - INFO - Wave 20: Completed refinement phase with best score: 2084101.75
2024-11-08 00:18:23,273 - INFO - Wave 20: Best score: 2084101.75
2024-11-08 00:18:23,273 - INFO - Reached the specified wave count of 20. Exiting.
